mobile-android/app/build/intermediates/manifest_merge_blame_file/debug/manifest-merger-blame-debug-report.txt
1<?xml version="1.0" encoding="utf-8"?>
2<manifest xmlns:android="http://schemas.android.com/apk/res/android"
3    package="com.example.demobank"
4    android:versionCode="1"
5    android:versionName="1.0" >
6
7    <uses-sdk
8        android:minSdkVersion="24"
9        android:targetSdkVersion="34" />
10
11    <uses-permission android:name="android.permission.INTERNET" />
11-->src/main/AndroidManifest.xml:5:5-67
11-->src/main/AndroidManifest.xml:5:22-64
12
13    <permission
13-->[androidx.core:core:1.9.0] AndroidManifest.xml:22:5-24:47
14        android:name="com.example.demobank.DYNAMIC_RECEIVER_NOT_EXPORTED_PERMISSION"
14-->[androidx.core:core:1.9.0] AndroidManifest.xml:23:9-81
15        android:protectionLevel="signature" />
15-->[androidx.core:core:1.9.0] AndroidManifest.xml:24:9-44
16
17    <uses-permission android:name="com.example.demobank.DYNAMIC_RECEIVER_NOT_EXPORTED_PERMISSION" />
17-->[androidx.core:core:1.9.0] AndroidManifest.xml:26:5-97
17-->[androidx.core:core:1.9.0] AndroidManifest.xml:26:22-94
18
19    <application
19-->src/main/AndroidManifest.xml:7:5-29:19
20        android:allowBackup="true"
20-->src/main/AndroidManifest.xml:9:9-35
21        android:appComponentFactory="androidx.core.app.CoreComponentFactory"
21-->[androidx.core:core:1.9.0] AndroidManifest.xml:28:18-86
22        android:dataExtractionRules="@xml/data_extraction_rules"
22-->src/main/AndroidManifest.xml:10:9-65
23        android:debuggable="true"
24        android:extractNativeLibs="false"
25        android:fullBackupContent="@xml/backup_rules"
25-->src/main/AndroidManifest.xml:11:9-54
26        android:icon="@mipmap/ic_launcher"
26-->src/main/AndroidManifest.xml:12:9-43
27        android:label="@string/app_name"
27-->src/main/AndroidManifest.xml:13:9-41
28        android:roundIcon="@mipmap/ic_launcher_round"
28-->src/main/AndroidManifest.xml:14:9-54
29        android:supportsRtl="true"
29-->src/main/AndroidManifest.xml:15:9-35
30        android:testOnly="true"
31        android:theme="@style/Theme.Demobank"
31-->src/main/AndroidManifest.xml:16:9-46
32        android:usesCleartextTraffic="true" >
32-->src/main/AndroidManifest.xml:8:9-44
33        <activity
33-->src/main/AndroidManifest.xml:18:9-26:20
34            android:name="com.example.demobank.MainActivity"
34-->src/main/AndroidManifest.xml:19:13-41
35            android:exported="true" >
35-->src/main/AndroidManifest.xml:20:13-36
36            <intent-filter>
36-->src/main/AndroidManifest.xml:21:13-25:29
37                <action android:name="android.intent.action.MAIN" />
37-->src/main/AndroidManifest.xml:22:17-69
37-->src/main/AndroidManifest.xml:22:25-66
38
39                <category android:name="android.intent.category.LAUNCHER" />
39-->src/main/AndroidManifest.xml:24:17-77
39-->src/main/AndroidManifest.xml:24:27-74
40            </intent-filter>
41        </activity>
42        <activity android:name="com.example.demobank.HomeActivity" />
42-->src/main/AndroidManifest.xml:27:9-50
42-->src/main/AndroidManifest.xml:27:19-47
43        <activity android:name="com.example.demobank.NewTransferActivity" />
43-->src/main/AndroidManifest.xml:28:9-57
43-->src/main/AndroidManifest.xml:28:19-54
44
45        <provider
45-->[androidx.emoji2:emoji2:1.2.0] AndroidManifest.xml:24:9-32:20
46            android:name="androidx.startup.InitializationProvider"
46-->[androidx.emoji2:emoji2:1.2.0] AndroidManifest.xml:25:13-67
47            android:authorities="com.example.demobank.androidx-startup"
47-->[androidx.emoji2:emoji2:1.2.0] AndroidManifest.xml:26:13-68
48            android:exported="false" >
48-->[androidx.emoji2:emoji2:1.2.0] AndroidManifest.xml:27:13-37
49            <meta-data
49-->[androidx.emoji2:emoji2:1.2.0] AndroidManifest.xml:29:13-31:52
50                android:name="androidx.emoji2.text.EmojiCompatInitializer"
50-->[androidx.emoji2:emoji2:1.2.0] AndroidManifest.xml:30:17-75
51                android:value="androidx.startup" />
51-->[androidx.emoji2:emoji2:1.2.0] AndroidManifest.xml:31:17-49
52            <meta-data
52-->[androidx.lifecycle:lifecycle-process:2.6.1] AndroidManifest.xml:29:13-31:52
53                android:name="androidx.lifecycle.ProcessLifecycleInitializer"
53-->[androidx.lifecycle:lifecycle-process:2.6.1] AndroidManifest.xml:30:17-78
54                android:value="androidx.startup" />
54-->[androidx.lifecycle:lifecycle-process:2.6.1] AndroidManifest.xml:31:17-49
55            <meta-data
55-->[androidx.profileinstaller:profileinstaller:1.3.0] AndroidManifest.xml:29:13-31:52
56                android:name="androidx.profileinstaller.ProfileInstallerInitializer"
56-->[androidx.profileinstaller:profileinstaller:1.3.0] AndroidManifest.xml:30:17-85
57                android:value="androidx.startup" />
57-->[androidx.profileinstaller:profileinstaller:1.3.0] AndroidManifest.xml:31:17-49
58        </provider>
59
60        <receiver
60-->[androidx.profileinstaller:profileinstaller:1.3.0] AndroidManifest.xml:34:9-52:20
61            android:name="androidx.profileinstaller.ProfileInstallReceiver"
61-->[androidx.profileinstaller:profileinstaller:1.3.0] AndroidManifest.xml:35:13-76
62            android:directBootAware="false"
62-->[androidx.profileinstaller:profileinstaller:1.3.0] AndroidManifest.xml:36:13-44
63            android:enabled="true"
63-->[androidx.profileinstaller:profileinstaller:1.3.0] AndroidManifest.xml:37:13-35
64            android:exported="true"
64-->[androidx.profileinstaller:profileinstaller:1.3.0] AndroidManifest.xml:38:13-36
65            android:permission="android.permission.DUMP" >
65-->[androidx.profileinstaller:profileinstaller:1.3.0] AndroidManifest.xml:39:13-57
66            <intent-filter>
66-->[androidx.profileinstaller:profileinstaller:1.3.0] AndroidManifest.xml:40:13-42:29
67                <action android:name="androidx.profileinstaller.action.INSTALL_PROFILE" />
67-->[androidx.profileinstaller:profileinstaller:1.3.0] AndroidManifest.xml:41:17-91
67-->[androidx.profileinstaller:profileinstaller:1.3.0] AndroidManifest.xml:41:25-88
68            </intent-filter>
69            <intent-filter>
69-->[androidx.profileinstaller:profileinstaller:1.3.0] AndroidManifest.xml:43:13-45:29
70                <action android:name="androidx.profileinstaller.action.SKIP_FILE" />
70-->[androidx.profileinstaller:profileinstaller:1.3.0] AndroidManifest.xml:44:17-85
70-->[androidx.profileinstaller:profileinstaller:1.3.0] AndroidManifest.xml:44:25-82
71            </intent-filter>
72            <intent-filter>
72-->[androidx.profileinstaller:profileinstaller:1.3.0] AndroidManifest.xml:46:13-48:29
73                <action android:name="androidx.profileinstaller.action.SAVE_PROFILE" />
73-->[androidx.profileinstaller:profileinstaller:1.3.0] AndroidManifest.xml:47:17-88
73-->[androidx.profileinstaller:profileinstaller:1.3.0] AndroidManifest.xml:47:25-85
74            </intent-filter>
75            <intent-filter>
75-->[androidx.profileinstaller:profileinstaller:1.3.0] AndroidManifest.xml:49:13-51:29
76                <action android:name="androidx.profileinstaller.action.BENCHMARK_OPERATION" />
76-->[androidx.profileinstaller:profileinstaller:1.3.0] AndroidManifest.xml:50:17-95
76-->[androidx.profileinstaller:profileinstaller:1.3.0] AndroidManifest.xml:50:25-92
77            </intent-filter>
78        </receiver>
79    </application>
80
81</manifest>